::1 - - [15/Feb/2025:09:01:54 +0000] "GET /api/auth/users HTTP/1.1" 304 -
::1 - - [15/Feb/2025:09:01:56 +0000] "GET /api/auth/users HTTP/1.1" 304 -
::1 - - [16/Feb/2025:04:35:59 +0000] "GET /api/auth/google HTTP/1.1" 302 0
::1 - - [16/Feb/2025:04:36:04 +0000] "GET /api/auth/google/callback?code=4%2F0ASVgi3I25IYVAlhh2uBI4F0d5l8KCVAQt6US2gJr7Td5I1wPXFuwSEpEE9Ut_N4PNwuuAg&scope=email+profile+https%3A%2F%2Fwww.googleapis.com%2Fauth%2Fuserinfo.email+https%3A%2F%2Fwww.googleapis.com%2Fauth%2Fuserinfo.profile+openid&authuser=0&hd=fpt.edu.vn&prompt=none HTTP/1.1" 302 50
::1 - - [16/Feb/2025:04:36:05 +0000] "GET /api/auth/users HTTP/1.1" 200 278
::1 - - [16/Feb/2025:04:36:08 +0000] "GET /api/auth/users HTTP/1.1" 304 -
::1 - - [16/Feb/2025:04:36:09 +0000] "GET /api/auth/users HTTP/1.1" 304 -
::1 - - [16/Feb/2025:04:37:03 +0000] "GET /api/auth/users HTTP/1.1" 304 -
::1 - - [16/Feb/2025:04:37:46 +0000] "GET /api/auth/logout HTTP/1.1" 200 39
::1 - - [16/Feb/2025:04:37:49 +0000] "POST /api/auth/login HTTP/1.1" 200 423
::1 - - [16/Feb/2025:04:37:51 +0000] "GET /api/auth/users HTTP/1.1" 200 276
::1 - - [16/Feb/2025:04:38:42 +0000] "GET /api/auth/users HTTP/1.1" 304 -
::1 - - [16/Feb/2025:04:38:46 +0000] "GET /api/auth/users HTTP/1.1" 304 -
::1 - - [16/Feb/2025:04:39:48 +0000] "GET /api/auth/users HTTP/1.1" 304 -
::1 - - [16/Feb/2025:04:39:51 +0000] "GET /api/auth/users HTTP/1.1" 304 -
::1 - - [16/Feb/2025:04:39:53 +0000] "GET /api/auth/logout HTTP/1.1" 304 -
::1 - - [16/Feb/2025:04:39:56 +0000] "POST /api/auth/login HTTP/1.1" 200 423
::1 - - [16/Feb/2025:04:39:57 +0000] "GET /api/auth/users HTTP/1.1" 304 -
::1 - - [16/Feb/2025:04:40:03 +0000] "GET /api/auth/users HTTP/1.1" 304 -
::1 - - [16/Feb/2025:04:40:50 +0000] "GET /api/auth/users HTTP/1.1" 304 -
::1 - - [16/Feb/2025:04:40:55 +0000] "GET /api/auth/users HTTP/1.1" 304 -
::1 - - [16/Feb/2025:04:40:56 +0000] "GET /api/auth/logout HTTP/1.1" 304 -
::1 - - [16/Feb/2025:04:41:00 +0000] "POST /api/auth/login HTTP/1.1" 200 423
::1 - - [16/Feb/2025:04:41:01 +0000] "GET /api/auth/users HTTP/1.1" 304 -
::1 - - [16/Feb/2025:04:41:03 +0000] "GET /api/auth/users HTTP/1.1" 304 -
::1 - - [16/Feb/2025:04:41:05 +0000] "GET /api/auth/users HTTP/1.1" 304 -
::1 - - [16/Feb/2025:04:41:09 +0000] "GET /api/auth/users HTTP/1.1" 304 -
::1 - - [16/Feb/2025:04:41:15 +0000] "GET /api/auth/users HTTP/1.1" 304 -
::1 - - [16/Feb/2025:04:45:58 +0000] "GET /api/auth/users HTTP/1.1" 304 -
::1 - - [16/Feb/2025:04:46:00 +0000] "GET /api/auth/users HTTP/1.1" 304 -
::1 - - [16/Feb/2025:04:46:02 +0000] "GET /api/auth/users HTTP/1.1" 304 -
::1 - - [16/Feb/2025:04:46:43 +0000] "GET /api/auth/users HTTP/1.1" 304 -
::1 - - [16/Feb/2025:04:46:49 +0000] "GET /api/auth/users HTTP/1.1" 304 -
::1 - - [16/Feb/2025:04:49:02 +0000] "GET /api/auth/users HTTP/1.1" 304 -
::1 - - [16/Feb/2025:04:49:05 +0000] "GET /api/auth/users HTTP/1.1" 304 -
::1 - - [16/Feb/2025:04:49:19 +0000] "GET /api/auth/users HTTP/1.1" 304 -
::1 - - [16/Feb/2025:04:49:24 +0000] "GET /api/auth/users HTTP/1.1" 304 -
::1 - - [16/Feb/2025:04:49:36 +0000] "GET /api/auth/users HTTP/1.1" 304 -
::1 - - [16/Feb/2025:04:49:56 +0000] "GET /api/auth/users HTTP/1.1" 304 -
::1 - - [16/Feb/2025:04:50:08 +0000] "GET /api/auth/users HTTP/1.1" 304 -
::1 - - [16/Feb/2025:04:50:10 +0000] "GET /api/auth/users HTTP/1.1" 304 -
::1 - - [16/Feb/2025:04:50:52 +0000] "GET /api/auth/users HTTP/1.1" 304 -
::1 - - [16/Feb/2025:04:50:56 +0000] "GET /api/auth/users HTTP/1.1" 304 -
::1 - - [16/Feb/2025:04:51:30 +0000] "GET /api/auth/users HTTP/1.1" 304 -
::1 - - [16/Feb/2025:04:51:33 +0000] "GET /api/auth/users HTTP/1.1" 304 -
::1 - - [16/Feb/2025:04:51:36 +0000] "GET /api/auth/users HTTP/1.1" 304 -
::1 - - [16/Feb/2025:04:51:49 +0000] "GET /api/auth/users HTTP/1.1" 304 -
::1 - - [16/Feb/2025:04:51:57 +0000] "GET /api/auth/users HTTP/1.1" 304 -
::1 - - [16/Feb/2025:04:52:00 +0000] "GET /api/auth/users HTTP/1.1" 304 -
::1 - - [16/Feb/2025:04:54:57 +0000] "GET /api/auth/users HTTP/1.1" 304 -
::1 - - [16/Feb/2025:04:55:17 +0000] "GET /api/auth/users HTTP/1.1" 304 -
::1 - - [16/Feb/2025:04:56:41 +0000] "GET /api/auth/users HTTP/1.1" 304 -
::1 - - [16/Feb/2025:04:56:57 +0000] "GET /api/auth/users HTTP/1.1" 304 -
::1 - - [16/Feb/2025:04:57:03 +0000] "GET /api/auth/users HTTP/1.1" 304 -
::1 - - [16/Feb/2025:04:57:14 +0000] "GET /api/auth/users HTTP/1.1" 304 -
::1 - - [16/Feb/2025:04:57:22 +0000] "GET /api/auth/users HTTP/1.1" 304 -
::1 - - [16/Feb/2025:04:58:23 +0000] "GET /api/auth/users HTTP/1.1" 304 -
::1 - - [16/Feb/2025:04:59:37 +0000] "GET /api/auth/users HTTP/1.1" 304 -
::1 - - [16/Feb/2025:05:00:01 +0000] "GET /api/auth/users HTTP/1.1" 304 -
::1 - - [16/Feb/2025:05:00:30 +0000] "GET /api/auth/users HTTP/1.1" 304 -
::1 - - [16/Feb/2025:05:00:36 +0000] "GET /api/auth/users HTTP/1.1" 304 -
::1 - - [16/Feb/2025:05:01:27 +0000] "GET /api/auth/users HTTP/1.1" 304 -
::1 - - [16/Feb/2025:05:01:35 +0000] "GET /api/auth/users HTTP/1.1" 304 -
::1 - - [16/Feb/2025:05:02:18 +0000] "GET /api/auth/users HTTP/1.1" 304 -
::1 - - [16/Feb/2025:05:02:36 +0000] "GET /api/auth/users HTTP/1.1" 304 -
::1 - - [16/Feb/2025:05:02:42 +0000] "GET /api/auth/users HTTP/1.1" 304 -
::1 - - [16/Feb/2025:05:02:49 +0000] "GET /api/auth/users HTTP/1.1" 304 -
::1 - - [16/Feb/2025:05:03:07 +0000] "GET /api/auth/users HTTP/1.1" 304 -
::1 - - [16/Feb/2025:05:03:32 +0000] "GET /api/auth/users HTTP/1.1" 304 -
::1 - - [16/Feb/2025:05:03:51 +0000] "GET /api/auth/users HTTP/1.1" 304 -
::1 - - [16/Feb/2025:05:03:55 +0000] "GET /api/auth/users HTTP/1.1" 304 -
::1 - - [16/Feb/2025:05:04:04 +0000] "GET /api/auth/users HTTP/1.1" 304 -
::1 - - [16/Feb/2025:05:04:10 +0000] "GET /api/auth/users HTTP/1.1" 304 -
::1 - - [16/Feb/2025:05:05:44 +0000] "GET /api/auth/users HTTP/1.1" 304 -
::1 - - [16/Feb/2025:05:05:47 +0000] "GET /api/auth/users HTTP/1.1" 304 -
::1 - - [16/Feb/2025:05:05:53 +0000] "GET /api/auth/users HTTP/1.1" 304 -
::1 - - [16/Feb/2025:05:06:04 +0000] "GET /api/auth/users HTTP/1.1" 304 -
::1 - - [16/Feb/2025:05:06:19 +0000] "GET /api/auth/users HTTP/1.1" 304 -
::1 - - [16/Feb/2025:05:07:19 +0000] "GET /api/auth/users HTTP/1.1" 304 -
::1 - - [16/Feb/2025:05:07:21 +0000] "GET /api/auth/users HTTP/1.1" 304 -
::1 - - [16/Feb/2025:05:07:26 +0000] "GET /api/auth/users HTTP/1.1" 304 -
::1 - - [16/Feb/2025:05:07:31 +0000] "GET /api/auth/users HTTP/1.1" 304 -
::1 - - [16/Feb/2025:05:07:34 +0000] "GET /api/auth/users HTTP/1.1" 304 -
::1 - - [16/Feb/2025:05:07:49 +0000] "GET /api/auth/users HTTP/1.1" 304 -
::1 - - [16/Feb/2025:05:08:34 +0000] "GET /api/auth/users HTTP/1.1" 304 -
::1 - - [16/Feb/2025:05:08:39 +0000] "GET /api/auth/users HTTP/1.1" 304 -
::1 - - [16/Feb/2025:05:09:15 +0000] "GET /api/auth/users HTTP/1.1" 304 -
::1 - - [16/Feb/2025:05:09:42 +0000] "GET /api/auth/users HTTP/1.1" 304 -
::1 - - [16/Feb/2025:05:09:57 +0000] "GET /api/auth/users HTTP/1.1" 304 -
::1 - - [16/Feb/2025:05:10:19 +0000] "GET /api/auth/users HTTP/1.1" 304 -
::1 - - [16/Feb/2025:05:10:27 +0000] "GET /api/auth/users HTTP/1.1" 304 -
::1 - - [16/Feb/2025:05:10:36 +0000] "GET /api/auth/users HTTP/1.1" 304 -
::1 - - [16/Feb/2025:05:11:31 +0000] "GET /api/auth/users HTTP/1.1" 304 -
::1 - - [16/Feb/2025:05:11:33 +0000] "GET /api/auth/users HTTP/1.1" 304 -
::1 - - [16/Feb/2025:05:11:41 +0000] "GET /api/auth/users HTTP/1.1" 304 -
::1 - - [16/Feb/2025:05:11:54 +0000] "GET /api/auth/users HTTP/1.1" 304 -
::1 - - [16/Feb/2025:05:13:32 +0000] "GET /api/auth/users HTTP/1.1" 304 -
::1 - - [16/Feb/2025:05:13:42 +0000] "GET /api/auth/users HTTP/1.1" 304 -
::1 - - [16/Feb/2025:05:13:54 +0000] "GET /api/auth/users HTTP/1.1" 304 -
::1 - - [16/Feb/2025:05:13:57 +0000] "GET /api/auth/users HTTP/1.1" 304 -
::1 - - [16/Feb/2025:05:14:01 +0000] "GET /api/auth/users HTTP/1.1" 304 -
::1 - - [16/Feb/2025:05:14:06 +0000] "GET /api/auth/users HTTP/1.1" 304 -
::1 - - [16/Feb/2025:05:15:23 +0000] "GET /api/auth/users HTTP/1.1" 200 310
::1 - - [16/Feb/2025:05:15:43 +0000] "GET /api/auth/users HTTP/1.1" 200 276
::1 - - [16/Feb/2025:05:16:09 +0000] "GET /api/auth/users HTTP/1.1" 200 310
::1 - - [16/Feb/2025:05:16:14 +0000] "GET /api/auth/logout HTTP/1.1" 304 -
::1 - - [16/Feb/2025:05:16:23 +0000] "POST /api/auth/login HTTP/1.1" 200 423
::1 - - [16/Feb/2025:05:16:25 +0000] "GET /api/auth/users HTTP/1.1" 304 -
::1 - - [16/Feb/2025:05:17:23 +0000] "GET /api/auth/logout HTTP/1.1" 304 -
::1 - - [16/Feb/2025:05:17:27 +0000] "POST /api/auth/login HTTP/1.1" 200 421
::1 - - [16/Feb/2025:05:17:29 +0000] "GET /api/auth/users HTTP/1.1" 304 -
::1 - - [16/Feb/2025:05:17:43 +0000] "GET /api/auth/logout HTTP/1.1" 304 -
::1 - - [16/Feb/2025:05:17:46 +0000] "POST /api/auth/login HTTP/1.1" 200 421
::1 - - [16/Feb/2025:05:17:48 +0000] "GET /api/auth/users HTTP/1.1" 304 -
::1 - - [16/Feb/2025:05:18:12 +0000] "GET /api/auth/users HTTP/1.1" 304 -
::1 - - [16/Feb/2025:05:18:41 +0000] "GET /api/auth/users HTTP/1.1" 304 -
::1 - - [16/Feb/2025:05:18:45 +0000] "GET /api/auth/logout HTTP/1.1" 304 -
::1 - - [16/Feb/2025:05:18:48 +0000] "POST /api/auth/login HTTP/1.1" 200 423
::1 - - [16/Feb/2025:05:18:49 +0000] "GET /api/auth/users HTTP/1.1" 304 -
::1 - - [16/Feb/2025:05:19:02 +0000] "GET /api/auth/users HTTP/1.1" 304 -
::1 - - [16/Feb/2025:05:19:34 +0000] "GET /api/auth/users HTTP/1.1" 304 -
::1 - - [16/Feb/2025:05:19:47 +0000] "GET /api/auth/users HTTP/1.1" 200 276
::1 - - [16/Feb/2025:05:19:49 +0000] "GET /api/auth/logout HTTP/1.1" 304 -
::1 - - [16/Feb/2025:05:19:53 +0000] "POST /api/auth/login HTTP/1.1" 200 423
::1 - - [16/Feb/2025:05:19:54 +0000] "GET /api/auth/users HTTP/1.1" 304 -
::1 - - [16/Feb/2025:05:20:34 +0000] "GET /api/auth/users HTTP/1.1" 404 65
::1 - - [16/Feb/2025:05:20:36 +0000] "GET /favicon.ico HTTP/1.1" 404 36
::1 - - [16/Feb/2025:05:21:23 +0000] "GET /api/auth/logout HTTP/1.1" 304 -
::1 - - [16/Feb/2025:05:21:29 +0000] "POST /api/auth/login HTTP/1.1" 200 423
::1 - - [16/Feb/2025:05:21:31 +0000] "GET /api/auth/users HTTP/1.1" 200 276
::1 - - [16/Feb/2025:05:22:04 +0000] "GET /api/auth/logout HTTP/1.1" 304 -
::1 - - [16/Feb/2025:05:22:07 +0000] "POST /api/auth/login HTTP/1.1" 200 423
::1 - - [16/Feb/2025:05:22:07 +0000] "POST /api/auth/login HTTP/1.1" 200 423
::1 - - [16/Feb/2025:05:22:09 +0000] "GET /api/auth/users HTTP/1.1" 200 290
::1 - - [16/Feb/2025:05:22:37 +0000] "GET /api/auth/users HTTP/1.1" 304 -
::1 - - [16/Feb/2025:05:22:44 +0000] "GET /api/auth/users HTTP/1.1" 304 -
::1 - - [16/Feb/2025:05:26:01 +0000] "GET /api/auth/users HTTP/1.1" 304 -
::1 - - [16/Feb/2025:05:26:07 +0000] "GET /api/auth/users HTTP/1.1" 304 -
::1 - - [16/Feb/2025:05:26:09 +0000] "GET /api/auth/logout HTTP/1.1" 304 -
::1 - - [16/Feb/2025:05:26:14 +0000] "POST /api/auth/login HTTP/1.1" 200 421
::1 - - [16/Feb/2025:05:26:15 +0000] "GET /api/auth/users HTTP/1.1" 304 -
::1 - - [16/Feb/2025:05:26:48 +0000] "GET /api/auth/logout HTTP/1.1" 304 -
::1 - - [16/Feb/2025:05:32:38 +0000] "POST /api/auth/login HTTP/1.1" 200 423
::1 - - [16/Feb/2025:05:32:40 +0000] "GET /api/auth/users HTTP/1.1" 304 -
::1 - - [16/Feb/2025:05:33:27 +0000] "GET /api/auth/users HTTP/1.1" 304 -
::1 - - [16/Feb/2025:05:34:09 +0000] "GET /api/auth/users HTTP/1.1" 304 -
::1 - - [16/Feb/2025:05:34:16 +0000] "GET /api/auth/logout HTTP/1.1" 304 -
::1 - - [16/Feb/2025:05:35:05 +0000] "POST /api/auth/login HTTP/1.1" 200 423
::1 - - [16/Feb/2025:05:35:06 +0000] "GET /api/auth/users HTTP/1.1" 304 -
::1 - - [16/Feb/2025:05:35:07 +0000] "GET /api/auth/users HTTP/1.1" 304 -
::1 - - [16/Feb/2025:05:35:07 +0000] "GET /api/auth/users HTTP/1.1" 304 -
::1 - - [16/Feb/2025:05:35:09 +0000] "GET /api/auth/logout HTTP/1.1" 304 -
::1 - - [16/Feb/2025:05:35:48 +0000] "POST /api/auth/login HTTP/1.1" 200 423
::1 - - [16/Feb/2025:05:35:49 +0000] "GET /api/auth/users HTTP/1.1" 304 -
::1 - - [16/Feb/2025:05:36:54 +0000] "GET /api/auth/users HTTP/1.1" 304 -
::1 - - [16/Feb/2025:05:37:00 +0000] "GET /api/auth/users HTTP/1.1" 304 -
::1 - - [16/Feb/2025:05:37:04 +0000] "GET /api/auth/users HTTP/1.1" 304 -
::1 - - [16/Feb/2025:05:37:25 +0000] "GET /api/auth/users HTTP/1.1" 304 -
::1 - - [16/Feb/2025:05:37:27 +0000] "GET /api/auth/users HTTP/1.1" 304 -
::1 - - [16/Feb/2025:05:38:00 +0000] "GET /api/auth/users HTTP/1.1" 200 291
::1 - - [16/Feb/2025:05:38:01 +0000] "GET /api/auth/users HTTP/1.1" 304 -
::1 - - [16/Feb/2025:05:38:22 +0000] "GET /api/auth/users HTTP/1.1" 304 -
::1 - - [16/Feb/2025:05:38:24 +0000] "GET /api/auth/users HTTP/1.1" 304 -
::1 - - [16/Feb/2025:05:38:43 +0000] "POST /api/auth/login HTTP/1.1" 200 423
::1 - - [16/Feb/2025:05:38:45 +0000] "GET /api/auth/users HTTP/1.1" 304 -
::1 - - [16/Feb/2025:05:38:45 +0000] "GET /api/auth/users HTTP/1.1" 304 -
::1 - - [16/Feb/2025:05:38:51 +0000] "GET /api/auth/users HTTP/1.1" 304 -
::1 - - [16/Feb/2025:05:39:13 +0000] "GET /api/auth/google HTTP/1.1" 302 0
::1 - - [16/Feb/2025:05:39:19 +0000] "GET /api/auth/google/callback?code=4%2F0ASVgi3Ia2fd6k7_2NwX6Ckn32b8LJnYrMmbUfob84LeC55sNq5Js9J8IzBZp0UtZG9RfPg&scope=email+profile+https%3A%2F%2Fwww.googleapis.com%2Fauth%2Fuserinfo.email+https%3A%2F%2Fwww.googleapis.com%2Fauth%2Fuserinfo.profile+openid&authuser=0&hd=fpt.edu.vn&prompt=none HTTP/1.1" 302 50
::1 - - [16/Feb/2025:05:39:19 +0000] "GET /api/auth/users HTTP/1.1" 404 65
::1 - - [16/Feb/2025:05:39:52 +0000] "GET /api/auth/users HTTP/1.1" 404 65
::1 - - [16/Feb/2025:05:39:54 +0000] "GET /api/auth/users HTTP/1.1" 404 65
::1 - - [16/Feb/2025:05:39:55 +0000] "GET /api/auth/google HTTP/1.1" 302 0
::1 - - [16/Feb/2025:05:40:00 +0000] "GET /api/auth/google/callback?code=4%2F0ASVgi3JWjLiP7W8VXr--IsfFY19Rx7uNr-dAd2XOLSiRJeyF8ejj_ZA8_wwllQpEzxd67w&scope=email+profile+https%3A%2F%2Fwww.googleapis.com%2Fauth%2Fuserinfo.email+https%3A%2F%2Fwww.googleapis.com%2Fauth%2Fuserinfo.profile+openid&authuser=1&prompt=none HTTP/1.1" 302 50
::1 - - [16/Feb/2025:05:40:01 +0000] "GET /api/auth/users HTTP/1.1" 404 65
::1 - - [16/Feb/2025:05:41:27 +0000] "GET /api/auth/users HTTP/1.1" 200 291
::1 - - [16/Feb/2025:05:41:34 +0000] "GET /api/auth/logout HTTP/1.1" 304 -
::1 - - [16/Feb/2025:05:41:39 +0000] "POST /api/auth/login HTTP/1.1" 200 423
::1 - - [16/Feb/2025:05:41:41 +0000] "GET /api/auth/users HTTP/1.1" 200 291
::1 - - [16/Feb/2025:05:41:41 +0000] "GET /api/auth/users HTTP/1.1" 304 -
::1 - - [16/Feb/2025:05:41:55 +0000] "GET /api/auth/google HTTP/1.1" 302 0
::1 - - [16/Feb/2025:05:42:01 +0000] "GET /api/auth/google/callback?code=4%2F0ASVgi3LtGQW5Gv4i8FE6wcH0jjasQ7Y04_racjt_AelM6x6AX08GEF1F3DVxdVqlg4ECVg&scope=email+profile+https%3A%2F%2Fwww.googleapis.com%2Fauth%2Fuserinfo.email+https%3A%2F%2Fwww.googleapis.com%2Fauth%2Fuserinfo.profile+openid&authuser=0&hd=fpt.edu.vn&prompt=none HTTP/1.1" 302 50
::1 - - [16/Feb/2025:05:42:01 +0000] "GET /api/auth/users HTTP/1.1" 200 292
::1 - - [16/Feb/2025:05:42:09 +0000] "GET /api/auth/users HTTP/1.1" 304 -
::1 - - [16/Feb/2025:05:42:11 +0000] "GET /api/auth/users HTTP/1.1" 304 -
::1 - - [16/Feb/2025:05:42:12 +0000] "GET /api/auth/logout HTTP/1.1" 304 -
::1 - - [16/Feb/2025:05:42:16 +0000] "GET /api/auth/google HTTP/1.1" 302 0
::1 - - [16/Feb/2025:05:42:20 +0000] "GET /api/auth/google/callback?code=4%2F0ASVgi3IWtrrnDJTuAqROxVM-98Q374V2HTdtaErer9m1eUAfQV3iYEudYwW4LvhJdHjyiQ&scope=email+profile+https%3A%2F%2Fwww.googleapis.com%2Fauth%2Fuserinfo.profile+openid+https%3A%2F%2Fwww.googleapis.com%2Fauth%2Fuserinfo.email&authuser=0&hd=fpt.edu.vn&prompt=none HTTP/1.1" 302 50
::1 - - [16/Feb/2025:05:42:20 +0000] "GET /api/auth/users HTTP/1.1" 304 -
::1 - - [16/Feb/2025:05:42:24 +0000] "GET /api/auth/logout HTTP/1.1" 304 -
::1 - - [16/Feb/2025:05:45:07 +0000] "GET /api/auth/google HTTP/1.1" 302 0
::1 - - [16/Feb/2025:05:45:11 +0000] "GET /api/auth/google/callback?code=4%2F0ASVgi3I4fBB_UNLuvI5gTJIhyV4eHQp5pXJNLIAfK_l6V_OtG9WKhWb1kN0eBllBh3kXaw&scope=email+profile+https%3A%2F%2Fwww.googleapis.com%2Fauth%2Fuserinfo.profile+openid+https%3A%2F%2Fwww.googleapis.com%2Fauth%2Fuserinfo.email&authuser=1&prompt=none HTTP/1.1" 302 50
::1 - - [16/Feb/2025:05:45:11 +0000] "GET /api/auth/users HTTP/1.1" 200 291
::1 - - [16/Feb/2025:05:45:13 +0000] "GET /api/auth/users HTTP/1.1" 304 -
::1 - - [16/Feb/2025:05:45:15 +0000] "GET /api/auth/users HTTP/1.1" 304 -
::1 - - [16/Feb/2025:05:45:17 +0000] "GET /api/auth/users HTTP/1.1" 304 -
::1 - - [16/Feb/2025:05:56:07 +0000] "GET /api/auth/logout HTTP/1.1" 304 -
::1 - - [16/Feb/2025:05:56:10 +0000] "POST /api/auth/login HTTP/1.1" 200 423
::1 - - [16/Feb/2025:05:56:11 +0000] "GET /api/auth/users HTTP/1.1" 200 291
::1 - - [16/Feb/2025:05:56:11 +0000] "GET /api/auth/users HTTP/1.1" 304 -
::1 - - [16/Feb/2025:05:56:14 +0000] "GET /api/auth/users HTTP/1.1" 304 -
::1 - - [16/Feb/2025:05:56:54 +0000] "GET /products HTTP/1.1" 404 36
::1 - - [16/Feb/2025:05:57:04 +0000] "GET /products HTTP/1.1" 404 36
::1 - - [16/Feb/2025:05:57:08 +0000] "GET /products HTTP/1.1" 404 36
::1 - - [16/Feb/2025:05:57:12 +0000] "GET /products HTTP/1.1" 404 36
::1 - - [16/Feb/2025:05:57:14 +0000] "GET /api/auth/users HTTP/1.1" 304 -
::1 - - [16/Feb/2025:05:57:14 +0000] "GET /products HTTP/1.1" 404 36
::1 - - [16/Feb/2025:05:57:20 +0000] "GET /products HTTP/1.1" 404 36
::1 - - [16/Feb/2025:05:57:30 +0000] "GET /api/auth/users HTTP/1.1" 304 -
::1 - - [16/Feb/2025:05:58:07 +0000] "POST /products HTTP/1.1" 404 36
::1 - - [16/Feb/2025:06:00:30 +0000] "GET /api/auth/users HTTP/1.1" 304 -
::1 - - [16/Feb/2025:06:28:43 +0000] "GET /api/auth/users HTTP/1.1" 304 -
::1 - - [16/Feb/2025:06:28:45 +0000] "GET /api/auth/users HTTP/1.1" 304 -
::1 - - [16/Feb/2025:06:28:46 +0000] "GET /api/auth/users HTTP/1.1" 304 -
::1 - - [16/Feb/2025:06:28:48 +0000] "GET /api/auth/users HTTP/1.1" 304 -
::1 - - [16/Feb/2025:06:28:49 +0000] "GET /api/auth/users HTTP/1.1" 304 -
::1 - - [16/Feb/2025:06:28:50 +0000] "GET /api/auth/users HTTP/1.1" 304 -
::1 - - [16/Feb/2025:06:28:52 +0000] "GET /api/auth/users HTTP/1.1" 304 -
::1 - - [16/Feb/2025:06:28:53 +0000] "GET /api/auth/users HTTP/1.1" 304 -
::1 - - [16/Feb/2025:06:28:54 +0000] "GET /api/auth/users HTTP/1.1" 304 -
::1 - - [16/Feb/2025:06:28:55 +0000] "GET /api/auth/users HTTP/1.1" 304 -
::1 - - [16/Feb/2025:06:28:56 +0000] "GET /api/auth/users HTTP/1.1" 304 -
::1 - - [16/Feb/2025:06:28:57 +0000] "GET /api/auth/users HTTP/1.1" 304 -
::1 - - [16/Feb/2025:06:28:59 +0000] "GET /api/auth/users HTTP/1.1" 304 -
::1 - - [16/Feb/2025:07:02:46 +0000] "POST /api/auth/login HTTP/1.1" 200 421
::1 - - [16/Feb/2025:07:02:48 +0000] "GET /api/auth/users HTTP/1.1" 304 -
::1 - - [16/Feb/2025:07:02:48 +0000] "GET /api/auth/users HTTP/1.1" 304 -
::1 - - [16/Feb/2025:07:19:34 +0000] "GET / HTTP/1.1" 404 36
::1 - - [16/Feb/2025:07:19:35 +0000] "GET /favicon.ico HTTP/1.1" 404 36
::1 - - [16/Feb/2025:07:19:44 +0000] "GET /dashboard HTTP/1.1" 404 36
::1 - - [16/Feb/2025:07:19:48 +0000] "GET /dang-nhap HTTP/1.1" 404 36
::1 - - [16/Feb/2025:07:19:50 +0000] "GET /dang-nhap HTTP/1.1" 404 36
::1 - - [16/Feb/2025:07:20:04 +0000] "GET /api/auth/users HTTP/1.1" 304 -
::1 - - [16/Feb/2025:07:20:04 +0000] "GET /api/auth/users HTTP/1.1" 304 -
::1 - - [16/Feb/2025:07:20:07 +0000] "GET /api/auth/users HTTP/1.1" 304 -
::1 - - [16/Feb/2025:07:20:39 +0000] "GET /api/auth/users HTTP/1.1" 304 -
::1 - - [16/Feb/2025:07:21:42 +0000] "GET /api/auth/users HTTP/1.1" 304 -
::1 - - [16/Feb/2025:07:22:12 +0000] "POST /products HTTP/1.1" 404 36
::1 - - [16/Feb/2025:07:22:18 +0000] "GET /api/auth/users HTTP/1.1" 304 -
::1 - - [16/Feb/2025:07:39:11 +0000] "GET /api/auth/users HTTP/1.1" 304 -
::1 - - [16/Feb/2025:07:50:52 +0000] "GET /api/auth/users HTTP/1.1" 304 -
::1 - - [16/Feb/2025:07:55:43 +0000] "GET /api/auth/users HTTP/1.1" 304 -
::1 - - [16/Feb/2025:07:57:32 +0000] "GET /api/auth/users HTTP/1.1" 304 -
::1 - - [16/Feb/2025:08:03:20 +0000] "POST /api/auth/login HTTP/1.1" 200 423
::ffff:127.0.0.1 - - [16/Feb/2025:08:03:23 +0000] "GET /api/auth/users HTTP/1.1" 304 -
::ffff:127.0.0.1 - - [16/Feb/2025:08:03:23 +0000] "GET /api/auth/users HTTP/1.1" 304 -
::1 - - [16/Feb/2025:08:06:24 +0000] "GET /api/auth/users HTTP/1.1" 304 -
::1 - - [16/Feb/2025:08:06:27 +0000] "GET /api/auth/users HTTP/1.1" 304 -
::1 - - [16/Feb/2025:08:06:29 +0000] "GET /api/auth/users HTTP/1.1" 304 -
::1 - - [16/Feb/2025:08:27:23 +0000] "GET /api/auth/users HTTP/1.1" 304 -
::1 - - [16/Feb/2025:12:50:48 +0000] "POST /api/auth/login HTTP/1.1" 200 423
::1 - - [16/Feb/2025:12:50:50 +0000] "GET /api/auth/users HTTP/1.1" 304 -
::1 - - [16/Feb/2025:12:50:50 +0000] "GET /api/auth/users HTTP/1.1" 304 -
::1 - - [16/Feb/2025:12:52:36 +0000] "GET /api/auth/users HTTP/1.1" 304 -
::1 - - [16/Feb/2025:12:53:01 +0000] "GET /api/auth/users HTTP/1.1" 304 -
::1 - - [16/Feb/2025:12:53:54 +0000] "GET /products HTTP/1.1" 404 36
::1 - - [16/Feb/2025:12:54:05 +0000] "GET /api/auth/users HTTP/1.1" 304 -
::1 - - [16/Feb/2025:12:54:05 +0000] "GET /products HTTP/1.1" 404 36
::1 - - [16/Feb/2025:12:55:01 +0000] "GET /products HTTP/1.1" 404 36
::1 - - [16/Feb/2025:12:55:05 +0000] "GET /api/auth/users HTTP/1.1" 304 -
::1 - - [16/Feb/2025:12:55:05 +0000] "GET /products HTTP/1.1" 404 36
::1 - - [16/Feb/2025:12:55:12 +0000] "GET /api/auth/users HTTP/1.1" 304 -
::1 - - [16/Feb/2025:12:55:12 +0000] "GET /products HTTP/1.1" 404 36
::1 - - [16/Feb/2025:13:03:31 +0000] "GET /api/lodging HTTP/1.1" 404 36
::1 - - [16/Feb/2025:13:03:43 +0000] "GET /api/users HTTP/1.1" 201 947
::1 - - [16/Feb/2025:13:04:40 +0000] "GET /api/lodging HTTP/1.1" 200 9
::1 - - [16/Feb/2025:13:05:23 +0000] "GET /api/lodging HTTP/1.1" 200 9
::1 - - [16/Feb/2025:13:06:16 +0000] "GET /api/lodging HTTP/1.1" 200 9
::1 - - [16/Feb/2025:13:06:33 +0000] "GET /products HTTP/1.1" 404 36
::1 - - [16/Feb/2025:13:06:33 +0000] "GET /api/auth/users HTTP/1.1" 304 -
::1 - - [16/Feb/2025:13:06:33 +0000] "GET /products HTTP/1.1" 404 36
::1 - - [16/Feb/2025:13:06:43 +0000] "GET /api/lodgings HTTP/1.1" 404 36
::1 - - [16/Feb/2025:13:06:53 +0000] "GET /api/lodgings HTTP/1.1" 200 9
::1 - - [16/Feb/2025:13:06:58 +0000] "GET /api/auth/users HTTP/1.1" 304 -
::1 - - [16/Feb/2025:13:06:59 +0000] "GET /api/lodgings HTTP/1.1" 200 9
::1 - - [16/Feb/2025:13:07:07 +0000] "GET /api/lodgings HTTP/1.1" 304 -
::1 - - [16/Feb/2025:13:07:07 +0000] "GET /api/auth/users HTTP/1.1" 304 -
::1 - - [16/Feb/2025:13:07:07 +0000] "GET /api/lodgings HTTP/1.1" 304 -
::1 - - [16/Feb/2025:13:07:36 +0000] "GET /api/lodgings HTTP/1.1" 304 -
::1 - - [16/Feb/2025:13:07:36 +0000] "GET /api/auth/users HTTP/1.1" 304 -
::1 - - [16/Feb/2025:13:07:36 +0000] "GET /api/lodgings HTTP/1.1" 304 -
::1 - - [16/Feb/2025:13:08:10 +0000] "GET /api/lodgings HTTP/1.1" 304 -
::1 - - [16/Feb/2025:13:08:10 +0000] "GET /api/auth/users HTTP/1.1" 304 -
::1 - - [16/Feb/2025:13:08:10 +0000] "GET /api/lodgings HTTP/1.1" 304 -
::1 - - [16/Feb/2025:13:08:18 +0000] "GET /api/auth/users HTTP/1.1" 304 -
::1 - - [16/Feb/2025:13:08:18 +0000] "GET /api/lodgings HTTP/1.1" 304 -
::1 - - [16/Feb/2025:13:08:49 +0000] "GET /api/lodgings HTTP/1.1" 304 -
::1 - - [16/Feb/2025:13:08:49 +0000] "GET /api/auth/users HTTP/1.1" 304 -
::1 - - [16/Feb/2025:13:08:49 +0000] "GET /api/lodgings HTTP/1.1" 304 -
::1 - - [16/Feb/2025:13:09:46 +0000] "GET /api/lodgings HTTP/1.1" 304 -
::1 - - [16/Feb/2025:13:09:46 +0000] "GET /api/auth/users HTTP/1.1" 304 -
::1 - - [16/Feb/2025:13:09:46 +0000] "GET /api/lodgings HTTP/1.1" 304 -
::1 - - [16/Feb/2025:13:09:50 +0000] "GET /api/lodgings HTTP/1.1" 304 -
::1 - - [16/Feb/2025:13:09:50 +0000] "GET /api/auth/users HTTP/1.1" 304 -
::1 - - [16/Feb/2025:13:09:50 +0000] "GET /api/lodgings HTTP/1.1" 304 -
::1 - - [16/Feb/2025:13:09:55 +0000] "GET /api/lodgings HTTP/1.1" 304 -
::1 - - [16/Feb/2025:13:09:55 +0000] "GET /api/auth/users HTTP/1.1" 304 -
::1 - - [16/Feb/2025:13:09:55 +0000] "GET /api/lodgings HTTP/1.1" 304 -
::1 - - [16/Feb/2025:13:10:59 +0000] "GET /api/lodgings HTTP/1.1" 304 -
::1 - - [16/Feb/2025:13:10:59 +0000] "GET /api/auth/users HTTP/1.1" 304 -
::1 - - [16/Feb/2025:13:10:59 +0000] "GET /api/lodgings HTTP/1.1" 304 -
::1 - - [16/Feb/2025:13:11:02 +0000] "GET /api/lodgings HTTP/1.1" 304 -
::1 - - [16/Feb/2025:13:11:34 +0000] "GET /api/lodgings HTTP/1.1" 304 -
::1 - - [16/Feb/2025:13:13:26 +0000] "GET /api/auth/users HTTP/1.1" 304 -
::1 - - [16/Feb/2025:13:13:27 +0000] "GET /api/lodgings HTTP/1.1" 304 -
::1 - - [16/Feb/2025:13:30:05 +0000] "GET /api/lodgings HTTP/1.1" 200 102
::1 - - [16/Feb/2025:13:36:02 +0000] "GET /api/lodgings HTTP/1.1" 200 2
::1 - - [16/Feb/2025:13:36:18 +0000] "GET /api/lodgings HTTP/1.1" 200 2
::1 - - [16/Feb/2025:13:36:48 +0000] "GET /api/auth/users HTTP/1.1" 304 -
::1 - - [16/Feb/2025:13:36:48 +0000] "GET /api/lodgings HTTP/1.1" 304 -
::1 - - [16/Feb/2025:13:36:56 +0000] "POST /api/lodgings HTTP/1.1" 500 17
::1 - - [16/Feb/2025:13:37:39 +0000] "POST /api/lodgings HTTP/1.1" 500 17
::1 - - [16/Feb/2025:13:37:44 +0000] "POST /api/lodgings HTTP/1.1" 500 17
::1 - - [16/Feb/2025:13:37:45 +0000] "POST /api/lodgings HTTP/1.1" 500 17
::1 - - [16/Feb/2025:13:37:52 +0000] "GET /api/auth/users HTTP/1.1" 304 -
::1 - - [16/Feb/2025:13:37:52 +0000] "GET /api/lodgings HTTP/1.1" 304 -
::1 - - [16/Feb/2025:13:37:57 +0000] "POST /api/lodgings HTTP/1.1" 500 17
::1 - - [16/Feb/2025:13:38:20 +0000] "GET /api/lodgings HTTP/1.1" 304 -
::1 - - [16/Feb/2025:13:38:33 +0000] "POST /api/lodgings HTTP/1.1" 500 17
::1 - - [16/Feb/2025:13:39:35 +0000] "GET /api/lodgings HTTP/1.1" 304 -
::1 - - [16/Feb/2025:13:39:35 +0000] "POST /api/lodgings HTTP/1.1" 500 17
::1 - - [16/Feb/2025:13:39:48 +0000] "GET /api/auth/users HTTP/1.1" 304 -
::1 - - [16/Feb/2025:13:39:48 +0000] "GET /api/lodgings HTTP/1.1" 304 -
::1 - - [16/Feb/2025:13:40:12 +0000] "GET /api/lodgings HTTP/1.1" 304 -
::1 - - [16/Feb/2025:13:40:16 +0000] "GET /api/auth/users HTTP/1.1" 304 -
::1 - - [16/Feb/2025:13:40:16 +0000] "GET /api/lodgings HTTP/1.1" 304 -
::1 - - [16/Feb/2025:13:40:29 +0000] "GET /api/lodgings HTTP/1.1" 304 -
::1 - - [16/Feb/2025:13:40:42 +0000] "GET /api/lodgings HTTP/1.1" 304 -
::1 - - [16/Feb/2025:13:40:43 +0000] "GET /api/auth/users HTTP/1.1" 304 -
::1 - - [16/Feb/2025:13:40:43 +0000] "GET /api/lodgings HTTP/1.1" 304 -
::1 - - [16/Feb/2025:13:41:13 +0000] "GET /api/lodgings HTTP/1.1" 304 -
::1 - - [16/Feb/2025:13:41:16 +0000] "GET /api/lodgings HTTP/1.1" 304 -
::1 - - [16/Feb/2025:13:41:48 +0000] "GET /api/lodgings HTTP/1.1" 304 -
::1 - - [16/Feb/2025:13:41:55 +0000] "GET /api/lodgings HTTP/1.1" 304 -
::1 - - [16/Feb/2025:13:42:13 +0000] "POST /api/lodgings HTTP/1.1" 500 17
::1 - - [16/Feb/2025:13:43:26 +0000] "GET /api/lodgings HTTP/1.1" 304 -
::1 - - [16/Feb/2025:13:43:26 +0000] "GET /api/lodgings HTTP/1.1" 304 -
::1 - - [16/Feb/2025:13:43:28 +0000] "GET /api/auth/users HTTP/1.1" 304 -
::1 - - [16/Feb/2025:13:43:28 +0000] "GET /api/lodgings HTTP/1.1" 304 -
::1 - - [16/Feb/2025:13:43:40 +0000] "POST /api/lodgings HTTP/1.1" 500 17
::1 - - [16/Feb/2025:13:43:40 +0000] "POST /api/lodgings HTTP/1.1" - -
::1 - - [16/Feb/2025:13:43:41 +0000] "GET /api/auth/users HTTP/1.1" 304 -
::1 - - [16/Feb/2025:13:43:41 +0000] "GET /api/lodgings HTTP/1.1" 304 -
::1 - - [16/Feb/2025:13:43:49 +0000] "GET /api/auth/users HTTP/1.1" 304 -
::1 - - [16/Feb/2025:13:43:49 +0000] "GET /api/lodgings HTTP/1.1" 304 -
::1 - - [16/Feb/2025:13:44:01 +0000] "GET /api/lodgings HTTP/1.1" 304 -
::1 - - [16/Feb/2025:13:44:15 +0000] "GET /api/lodgings HTTP/1.1" 304 -
::1 - - [16/Feb/2025:13:44:26 +0000] "POST /api/lodgings HTTP/1.1" 500 17
::1 - - [16/Feb/2025:13:46:11 +0000] "POST /api/lodgings HTTP/1.1" 500 17
::1 - - [16/Feb/2025:13:46:30 +0000] "POST /api/lodgings HTTP/1.1" 500 17
::1 - - [16/Feb/2025:13:46:40 +0000] "POST /api/lodgings HTTP/1.1" 500 17
::1 - - [16/Feb/2025:13:47:01 +0000] "POST /api/lodgings HTTP/1.1" 500 17
::1 - - [16/Feb/2025:13:47:04 +0000] "POST /api/lodgings HTTP/1.1" 500 17
::1 - - [16/Feb/2025:13:47:19 +0000] "GET /api/lodgings HTTP/1.1" 304 -
::1 - - [16/Feb/2025:13:48:00 +0000] "GET /api/lodgings HTTP/1.1" 304 -
::1 - - [16/Feb/2025:13:48:06 +0000] "GET /api/lodgings HTTP/1.1" 304 -
::1 - - [16/Feb/2025:13:48:08 +0000] "GET /api/lodgings HTTP/1.1" 304 -
::1 - - [16/Feb/2025:13:48:13 +0000] "POST /api/lodgings HTTP/1.1" 400 55
::1 - - [16/Feb/2025:13:48:31 +0000] "GET /api/lodgings HTTP/1.1" 304 -
::1 - - [16/Feb/2025:13:48:59 +0000] "GET /api/lodgings HTTP/1.1" 304 -
::1 - - [16/Feb/2025:13:49:08 +0000] "GET /api/lodgings HTTP/1.1" 304 -
::1 - - [16/Feb/2025:13:49:21 +0000] "GET /api/lodgings HTTP/1.1" 304 -
::1 - - [16/Feb/2025:13:49:23 +0000] "GET /api/lodgings HTTP/1.1" 304 -
::1 - - [16/Feb/2025:13:49:26 +0000] "GET /api/auth/users HTTP/1.1" 304 -
::1 - - [16/Feb/2025:13:49:26 +0000] "GET /api/lodgings HTTP/1.1" 304 -
::1 - - [16/Feb/2025:13:49:35 +0000] "POST /api/lodgings HTTP/1.1" 500 17
::1 - - [16/Feb/2025:13:49:56 +0000] "GET /api/lodgings HTTP/1.1" 304 -
::1 - - [16/Feb/2025:13:49:58 +0000] "POST /api/lodgings HTTP/1.1" 500 17
::1 - - [16/Feb/2025:13:50:18 +0000] "GET /api/lodgings HTTP/1.1" 304 -
::1 - - [16/Feb/2025:13:50:20 +0000] "GET /api/auth/users HTTP/1.1" 304 -
::1 - - [16/Feb/2025:13:50:21 +0000] "GET /api/lodgings HTTP/1.1" 304 -
::1 - - [16/Feb/2025:13:50:30 +0000] "POST /api/lodgings HTTP/1.1" 400 55
::1 - - [16/Feb/2025:13:51:22 +0000] "GET /api/lodgings HTTP/1.1" 304 -
::1 - - [16/Feb/2025:13:51:23 +0000] "GET /api/lodgings HTTP/1.1" 304 -
::1 - - [16/Feb/2025:13:51:23 +0000] "POST /api/lodgings HTTP/1.1" 400 55
::1 - - [16/Feb/2025:13:51:26 +0000] "POST /api/lodgings HTTP/1.1" 400 55
::1 - - [16/Feb/2025:13:51:42 +0000] "GET /api/lodgings HTTP/1.1" 304 -
::1 - - [16/Feb/2025:13:52:15 +0000] "GET /api/lodgings HTTP/1.1" 304 -
::1 - - [16/Feb/2025:13:52:41 +0000] "GET /api/lodgings HTTP/1.1" 304 -
::1 - - [16/Feb/2025:13:52:52 +0000] "GET /api/lodgings HTTP/1.1" 304 -
::1 - - [16/Feb/2025:13:52:54 +0000] "POST /api/lodgings HTTP/1.1" 400 55
::1 - - [16/Feb/2025:13:53:57 +0000] "GET /api/lodgings HTTP/1.1" 304 -
::1 - - [16/Feb/2025:13:54:00 +0000] "GET /api/lodgings HTTP/1.1" 304 -
::1 - - [16/Feb/2025:13:54:14 +0000] "POST /api/lodgings HTTP/1.1" 500 17
::1 - - [16/Feb/2025:13:54:32 +0000] "GET /api/lodgings HTTP/1.1" 304 -
::1 - - [16/Feb/2025:13:54:34 +0000] "POST /api/lodgings HTTP/1.1" 400 55
::1 - - [16/Feb/2025:13:54:46 +0000] "GET /api/lodgings HTTP/1.1" 304 -
::1 - - [16/Feb/2025:13:54:49 +0000] "POST /api/lodgings HTTP/1.1" 400 55
::1 - - [16/Feb/2025:13:55:35 +0000] "GET /api/lodgings HTTP/1.1" 304 -
::1 - - [16/Feb/2025:13:55:37 +0000] "GET /api/lodgings HTTP/1.1" 304 -
::1 - - [16/Feb/2025:13:55:59 +0000] "GET /api/lodgings HTTP/1.1" 304 -
::1 - - [16/Feb/2025:13:56:03 +0000] "POST /api/lodgings HTTP/1.1" 500 17
::1 - - [16/Feb/2025:13:56:14 +0000] "POST /api/auth/login HTTP/1.1" 200 423
::1 - - [16/Feb/2025:13:56:22 +0000] "GET /api/auth/users HTTP/1.1" 304 -
::1 - - [16/Feb/2025:13:56:22 +0000] "GET /api/lodgings HTTP/1.1" 304 -
::1 - - [16/Feb/2025:13:56:22 +0000] "GET /api/auth/users HTTP/1.1" 304 -
::1 - - [16/Feb/2025:13:56:22 +0000] "GET /api/lodgings HTTP/1.1" 304 -
::1 - - [16/Feb/2025:13:56:25 +0000] "GET /api/auth/users HTTP/1.1" 304 -
::1 - - [16/Feb/2025:13:56:25 +0000] "GET /api/lodgings HTTP/1.1" 304 -
::1 - - [16/Feb/2025:13:56:40 +0000] "POST /api/lodgings HTTP/1.1" 500 17
::1 - - [16/Feb/2025:13:56:48 +0000] "GET /api/lodgings HTTP/1.1" 304 -
::1 - - [16/Feb/2025:13:57:57 +0000] "GET /api/lodgings HTTP/1.1" 304 -
::1 - - [16/Feb/2025:13:58:22 +0000] "GET /api/lodgings HTTP/1.1" 304 -
::1 - - [16/Feb/2025:13:58:33 +0000] "GET /api/lodgings HTTP/1.1" 304 -
::1 - - [16/Feb/2025:13:58:36 +0000] "GET /api/lodgings HTTP/1.1" 304 -
::1 - - [16/Feb/2025:13:59:02 +0000] "GET /api/lodgings HTTP/1.1" 304 -
::1 - - [16/Feb/2025:13:59:05 +0000] "GET /api/auth/users HTTP/1.1" 304 -
::1 - - [16/Feb/2025:13:59:05 +0000] "GET /api/lodgings HTTP/1.1" 304 -
::1 - - [16/Feb/2025:13:59:39 +0000] "GET /api/lodgings HTTP/1.1" 304 -
::1 - - [16/Feb/2025:13:59:52 +0000] "GET /api/lodgings HTTP/1.1" 304 -
::1 - - [16/Feb/2025:13:59:57 +0000] "GET /api/auth/users HTTP/1.1" 304 -
::1 - - [16/Feb/2025:13:59:57 +0000] "GET /api/lodgings HTTP/1.1" 304 -
::1 - - [16/Feb/2025:14:00:45 +0000] "GET /api/lodgings HTTP/1.1" 304 -
::1 - - [16/Feb/2025:14:00:52 +0000] "GET /api/auth/users HTTP/1.1" 304 -
::1 - - [16/Feb/2025:14:00:53 +0000] "GET /api/lodgings HTTP/1.1" 304 -
::1 - - [16/Feb/2025:14:01:18 +0000] "GET /api/lodgings HTTP/1.1" 304 -
::1 - - [16/Feb/2025:14:01:24 +0000] "GET /api/lodgings HTTP/1.1" 304 -
::1 - - [16/Feb/2025:14:01:26 +0000] "GET /api/auth/users HTTP/1.1" 304 -
::1 - - [16/Feb/2025:14:01:27 +0000] "GET /api/lodgings HTTP/1.1" 304 -
::1 - - [16/Feb/2025:14:01:39 +0000] "GET /api/lodgings HTTP/1.1" 304 -
::1 - - [16/Feb/2025:14:03:08 +0000] "GET /api/lodgings HTTP/1.1" 304 -
::1 - - [16/Feb/2025:14:04:20 +0000] "GET /api/lodgings HTTP/1.1" 304 -
::1 - - [16/Feb/2025:14:04:29 +0000] "GET /api/lodgings HTTP/1.1" 304 -
::1 - - [16/Feb/2025:14:04:33 +0000] "GET /api/auth/users HTTP/1.1" 304 -
::1 - - [16/Feb/2025:14:04:33 +0000] "GET /api/lodgings HTTP/1.1" 304 -
::1 - - [16/Feb/2025:14:04:42 +0000] "POST /api/lodgings HTTP/1.1" 500 17
::1 - - [17/Feb/2025:09:55:07 +0000] "POST /api/lodgings HTTP/1.1" 201 16
::1 - - [17/Feb/2025:11:28:35 +0000] "POST /api/lodgings HTTP/1.1" 201 16
::1 - - [19/Feb/2025:01:11:43 +0000] "POST /api/auth/login HTTP/1.1" 200 423
::1 - - [19/Feb/2025:01:11:45 +0000] "GET /api/auth/users HTTP/1.1" 304 -
::1 - - [19/Feb/2025:01:11:45 +0000] "GET /api/lodgings HTTP/1.1" 304 -
::1 - - [19/Feb/2025:01:11:45 +0000] "GET /api/auth/users HTTP/1.1" 304 -
::1 - - [19/Feb/2025:01:11:45 +0000] "GET /api/lodgings HTTP/1.1" 304 -
::1 - - [19/Feb/2025:01:11:47 +0000] "GET /api/auth/users HTTP/1.1" 304 -
::1 - - [19/Feb/2025:01:11:48 +0000] "GET /api/lodgings HTTP/1.1" 304 -
::1 - - [19/Feb/2025:01:16:56 +0000] "POST /api/lodgings HTTP/1.1" 500 17
::1 - - [19/Feb/2025:01:19:43 +0000] "POST /api/lodgings HTTP/1.1" 500 17
::1 - - [19/Feb/2025:01:20:32 +0000] "GET /api/lodgings HTTP/1.1" 304 -
::1 - - [19/Feb/2025:01:20:45 +0000] "GET /api/auth/users HTTP/1.1" 304 -
::1 - - [19/Feb/2025:01:20:45 +0000] "GET /api/lodgings HTTP/1.1" 304 -
::1 - - [19/Feb/2025:01:20:52 +0000] "POST /api/lodgings HTTP/1.1" 500 17
::1 - - [19/Feb/2025:01:21:31 +0000] "POST /api/lodgings HTTP/1.1" 500 17
::1 - - [19/Feb/2025:01:21:38 +0000] "POST /api/lodgings HTTP/1.1" 500 17
::1 - - [19/Feb/2025:01:23:22 +0000] "POST /api/lodgings HTTP/1.1" 500 17
::1 - - [19/Feb/2025:01:23:28 +0000] "GET /api/auth/users HTTP/1.1" 304 -
::1 - - [19/Feb/2025:01:23:28 +0000] "GET /api/lodgings HTTP/1.1" 304 -
::1 - - [19/Feb/2025:01:23:34 +0000] "POST /api/lodgings HTTP/1.1" 500 17
::1 - - [19/Feb/2025:01:24:23 +0000] "GET /api/auth/users HTTP/1.1" 304 -
::1 - - [19/Feb/2025:01:24:23 +0000] "GET /api/lodgings HTTP/1.1" 304 -
::1 - - [19/Feb/2025:01:24:45 +0000] "GET /api/lodgings HTTP/1.1" 200 2
::1 - - [19/Feb/2025:01:24:59 +0000] "POST /api/lodgings HTTP/1.1" 201 16
::1 - - [19/Feb/2025:01:26:37 +0000] "GET /api/auth/users HTTP/1.1" 304 -
::1 - - [19/Feb/2025:01:26:38 +0000] "GET /api/lodgings HTTP/1.1" 304 -
::1 - - [19/Feb/2025:01:26:42 +0000] "GET /api/lodgings HTTP/1.1" 304 -
::1 - - [19/Feb/2025:01:26:55 +0000] "GET /api/lodgings HTTP/1.1" 304 -
::1 - - [19/Feb/2025:01:27:31 +0000] "GET /api/lodgings HTTP/1.1" 304 -
::1 - - [19/Feb/2025:01:27:31 +0000] "GET /api/auth/users HTTP/1.1" 304 -
::1 - - [19/Feb/2025:01:27:31 +0000] "GET /api/lodgings HTTP/1.1" 304 -
::1 - - [19/Feb/2025:01:27:48 +0000] "GET /api/lodgings HTTP/1.1" 304 -
::1 - - [19/Feb/2025:01:27:49 +0000] "GET /api/lodgings HTTP/1.1" 304 -
::1 - - [19/Feb/2025:01:27:55 +0000] "GET /api/auth/users HTTP/1.1" 304 -
::1 - - [19/Feb/2025:01:27:56 +0000] "GET /api/lodgings HTTP/1.1" 304 -
::1 - - [19/Feb/2025:01:28:10 +0000] "GET /api/lodgings HTTP/1.1" 304 -
::1 - - [19/Feb/2025:01:28:10 +0000] "GET /api/auth/users HTTP/1.1" 304 -
::1 - - [19/Feb/2025:01:28:10 +0000] "GET /api/lodgings HTTP/1.1" 304 -
::1 - - [19/Feb/2025:01:28:12 +0000] "GET /api/lodgings HTTP/1.1" 304 -
::1 - - [19/Feb/2025:01:28:14 +0000] "GET /api/auth/users HTTP/1.1" 304 -
::1 - - [19/Feb/2025:01:28:14 +0000] "GET /api/lodgings HTTP/1.1" 304 -
::1 - - [19/Feb/2025:01:28:31 +0000] "GET /api/lodgings HTTP/1.1" 304 -
::1 - - [19/Feb/2025:01:28:32 +0000] "GET /api/auth/users HTTP/1.1" 304 -
::1 - - [19/Feb/2025:01:28:32 +0000] "GET /api/lodgings HTTP/1.1" 304 -
::1 - - [19/Feb/2025:01:28:39 +0000] "POST /api/lodgings HTTP/1.1" 500 17
::1 - - [19/Feb/2025:01:31:38 +0000] "POST /api/lodgings HTTP/1.1" 201 16
::1 - - [19/Feb/2025:01:32:11 +0000] "POST /api/lodgings HTTP/1.1" 201 16
::1 - - [19/Feb/2025:01:47:22 +0000] "GET /api/auth/users HTTP/1.1" 304 -
::1 - - [19/Feb/2025:01:47:22 +0000] "GET /api/lodgings HTTP/1.1" 304 -
::1 - - [21/Feb/2025:09:42:58 +0000] "POST /api/auth/login HTTP/1.1" 200 423
::1 - - [21/Feb/2025:09:43:06 +0000] "POST /api/auth/login HTTP/1.1" 200 421
::1 - - [21/Feb/2025:09:43:08 +0000] "GET /api/auth/users HTTP/1.1" 200 291
::1 - - [21/Feb/2025:09:43:08 +0000] "GET /api/lodgings HTTP/1.1" 200 2
::ffff:127.0.0.1 - - [21/Feb/2025:09:43:08 +0000] "GET /api/auth/users HTTP/1.1" 304 -
::ffff:127.0.0.1 - - [21/Feb/2025:09:43:08 +0000] "GET /api/lodgings HTTP/1.1" 304 -
::1 - - [21/Feb/2025:09:43:29 +0000] "GET /api/auth/users HTTP/1.1" 304 -
::1 - - [21/Feb/2025:09:43:29 +0000] "GET /api/lodgings HTTP/1.1" 304 -
::1 - - [21/Feb/2025:09:43:40 +0000] "POST /api/lodgings HTTP/1.1" 500 17
::1 - - [21/Feb/2025:09:44:03 +0000] "GET /api/lodgings HTTP/1.1" 304 -
::1 - - [21/Feb/2025:09:44:32 +0000] "GET /api/lodgings HTTP/1.1" 304 -
::1 - - [21/Feb/2025:09:44:55 +0000] "GET /api/lodgings HTTP/1.1" 304 -
::1 - - [21/Feb/2025:09:45:04 +0000] "POST /api/lodgings HTTP/1.1" 201 16
::1 - - [21/Feb/2025:09:45:26 +0000] "GET /api/auth/users HTTP/1.1" 304 -
::1 - - [21/Feb/2025:09:45:26 +0000] "GET /api/lodgings HTTP/1.1" 200 2
::1 - - [21/Feb/2025:09:47:53 +0000] "POST /api/lodgings HTTP/1.1" 201 16
::1 - - [21/Feb/2025:09:50:05 +0000] "GET /api/auth/users HTTP/1.1" 304 -
::1 - - [21/Feb/2025:09:50:06 +0000] "GET /api/lodgings HTTP/1.1" 200 2
::1 - - [21/Feb/2025:09:50:20 +0000] "POST /api/lodgings HTTP/1.1" 201 16
::1 - - [21/Feb/2025:09:51:28 +0000] "GET /api/lodgings HTTP/1.1" 200 2
::1 - - [21/Feb/2025:09:53:25 +0000] "GET /api/lodgings HTTP/1.1" 200 2
::1 - - [21/Feb/2025:09:53:28 +0000] "GET /api/auth/users HTTP/1.1" 304 -
::1 - - [21/Feb/2025:09:53:28 +0000] "GET /api/lodgings HTTP/1.1" 304 -
::1 - - [21/Feb/2025:09:54:28 +0000] "POST /api/lodgings HTTP/1.1" 500 17
::1 - - [21/Feb/2025:09:56:33 +0000] "GET /api/auth/users HTTP/1.1" 304 -
::1 - - [21/Feb/2025:09:56:33 +0000] "GET /api/lodgings HTTP/1.1" 304 -
::1 - - [21/Feb/2025:09:56:43 +0000] "POST /api/lodgings HTTP/1.1" 201 358
::1 - - [21/Feb/2025:09:57:01 +0000] "GET /api/auth/users HTTP/1.1" 304 -
::1 - - [21/Feb/2025:09:57:02 +0000] "GET /api/lodgings HTTP/1.1" 200 360
::1 - - [21/Feb/2025:10:01:00 +0000] "GET /api/auth/users HTTP/1.1" 304 -
::1 - - [21/Feb/2025:10:01:00 +0000] "GET /api/lodgings HTTP/1.1" 200 2
::1 - - [21/Feb/2025:10:01:36 +0000] "POST /api/lodgings HTTP/1.1" 201 759
::1 - - [21/Feb/2025:10:01:41 +0000] "GET /api/auth/users HTTP/1.1" 304 -
::1 - - [21/Feb/2025:10:01:41 +0000] "GET /api/lodgings HTTP/1.1" 200 761
::1 - - [21/Feb/2025:10:02:43 +0000] "GET /api/auth/users HTTP/1.1" 304 -
::1 - - [21/Feb/2025:10:02:43 +0000] "GET /api/lodgings HTTP/1.1" 304 -
::1 - - [21/Feb/2025:10:04:18 +0000] "GET /api/auth/users HTTP/1.1" 304 -
::1 - - [21/Feb/2025:10:04:18 +0000] "GET /api/lodgings HTTP/1.1" 304 -
::1 - - [21/Feb/2025:10:06:57 +0000] "GET /api/auth/users HTTP/1.1" 304 -
::1 - - [21/Feb/2025:10:06:57 +0000] "GET /api/lodgings HTTP/1.1" 304 -
::1 - - [21/Feb/2025:10:07:09 +0000] "POST /api/auth/login HTTP/1.1" 200 423
::1 - - [21/Feb/2025:10:07:11 +0000] "GET /api/auth/users HTTP/1.1" 200 291
::1 - - [21/Feb/2025:10:07:11 +0000] "GET /api/lodgings HTTP/1.1" 200 761
::1 - - [21/Feb/2025:10:07:11 +0000] "GET /api/auth/users HTTP/1.1" 304 -
::1 - - [21/Feb/2025:10:07:11 +0000] "GET /api/lodgings HTTP/1.1" 304 -
::1 - - [21/Feb/2025:10:07:15 +0000] "GET /api/auth/users HTTP/1.1" 304 -
::1 - - [21/Feb/2025:10:07:15 +0000] "GET /api/lodgings HTTP/1.1" 304 -
::1 - - [21/Feb/2025:10:07:19 +0000] "GET /api/auth/users HTTP/1.1" 304 -
::1 - - [21/Feb/2025:10:07:19 +0000] "GET /api/lodgings HTTP/1.1" 304 -
::1 - - [21/Feb/2025:10:07:21 +0000] "GET /api/auth/users HTTP/1.1" 304 -
::1 - - [21/Feb/2025:10:07:21 +0000] "GET /api/lodgings HTTP/1.1" 304 -
::1 - - [21/Feb/2025:10:07:39 +0000] "GET /api/lodgings HTTP/1.1" 304 -
::1 - - [21/Feb/2025:10:07:40 +0000] "GET /api/lodgings HTTP/1.1" 304 -
::1 - - [21/Feb/2025:10:07:40 +0000] "GET /api/lodgings HTTP/1.1" 304 -
::1 - - [21/Feb/2025:10:07:41 +0000] "GET /api/lodgings HTTP/1.1" 304 -
::1 - - [21/Feb/2025:10:08:04 +0000] "GET /api/auth/users HTTP/1.1" 200 291
::1 - - [21/Feb/2025:10:08:04 +0000] "GET /api/lodgings HTTP/1.1" 200 761
::1 - - [21/Feb/2025:10:08:19 +0000] "GET /api/auth/users HTTP/1.1" 404 65
::1 - - [21/Feb/2025:10:13:20 +0000] "GET /api/auth/users HTTP/1.1" 200 291
::1 - - [21/Feb/2025:10:13:20 +0000] "GET /api/lodgings HTTP/1.1" 304 -
::1 - - [21/Feb/2025:10:14:20 +0000] "POST /api/auth/login HTTP/1.1" 200 421
::1 - - [21/Feb/2025:10:14:21 +0000] "GET /api/auth/users HTTP/1.1" 200 291
::1 - - [21/Feb/2025:10:14:21 +0000] "GET /api/lodgings HTTP/1.1" 200 761
::1 - - [21/Feb/2025:10:14:21 +0000] "GET /api/auth/users HTTP/1.1" 304 -
::1 - - [21/Feb/2025:10:14:21 +0000] "GET /api/lodgings HTTP/1.1" 304 -
::1 - - [21/Feb/2025:10:14:47 +0000] "GET /api/lodgings HTTP/1.1" 304 -
::1 - - [21/Feb/2025:10:15:33 +0000] "GET /api/lodgings HTTP/1.1" 304 -
::1 - - [21/Feb/2025:10:15:35 +0000] "GET /api/auth/users HTTP/1.1" 304 -
::1 - - [21/Feb/2025:10:15:35 +0000] "GET /api/lodgings HTTP/1.1" 304 -
::1 - - [21/Feb/2025:10:15:42 +0000] "GET /api/lodgings HTTP/1.1" 304 -
::1 - - [21/Feb/2025:10:16:05 +0000] "POST /api/lodgings HTTP/1.1" 201 760
::1 - - [21/Feb/2025:10:16:09 +0000] "GET /api/auth/users HTTP/1.1" 304 -
::1 - - [21/Feb/2025:10:16:09 +0000] "GET /api/lodgings HTTP/1.1" 200 1522
::1 - - [21/Feb/2025:10:17:03 +0000] "GET /api/lodgings HTTP/1.1" 304 -
::1 - - [21/Feb/2025:10:17:07 +0000] "GET /api/lodgings HTTP/1.1" 304 -
::1 - - [21/Feb/2025:10:17:10 +0000] "GET /api/lodgings HTTP/1.1" 304 -
::1 - - [21/Feb/2025:10:17:11 +0000] "GET /api/auth/users HTTP/1.1" 304 -
::1 - - [21/Feb/2025:10:17:11 +0000] "GET /api/lodgings HTTP/1.1" 304 -
::1 - - [21/Feb/2025:10:17:13 +0000] "DELETE /api/lodgings/undefined HTTP/1.1" 500 291
::1 - - [21/Feb/2025:10:17:52 +0000] "GET /api/auth/users HTTP/1.1" 304 -
::1 - - [21/Feb/2025:10:17:52 +0000] "GET /api/lodgings HTTP/1.1" 304 -
::1 - - [21/Feb/2025:10:17:56 +0000] "DELETE /api/lodgings/undefined HTTP/1.1" 500 291
::1 - - [21/Feb/2025:10:18:43 +0000] "GET /api/lodgings HTTP/1.1" 304 -
::1 - - [21/Feb/2025:10:18:44 +0000] "GET /api/auth/users HTTP/1.1" 304 -
::1 - - [21/Feb/2025:10:18:45 +0000] "GET /api/lodgings HTTP/1.1" 304 -
::1 - - [21/Feb/2025:10:18:45 +0000] "DELETE /api/lodgings/67b84f00a1fa3274607cb436 HTTP/1.1" 500 47
::1 - - [21/Feb/2025:10:18:47 +0000] "GET /api/auth/users HTTP/1.1" 304 -
::1 - - [21/Feb/2025:10:18:47 +0000] "GET /api/lodgings HTTP/1.1" 304 -
::1 - - [21/Feb/2025:10:18:54 +0000] "GET /api/auth/users HTTP/1.1" 304 -
::1 - - [21/Feb/2025:10:18:55 +0000] "GET /api/lodgings HTTP/1.1" 304 -
::1 - - [21/Feb/2025:10:19:22 +0000] "GET /api/lodgings HTTP/1.1" 304 -
::1 - - [21/Feb/2025:10:19:32 +0000] "GET /api/lodgings HTTP/1.1" 304 -
::1 - - [21/Feb/2025:10:20:03 +0000] "GET /api/lodgings HTTP/1.1" 304 -
::1 - - [21/Feb/2025:10:20:05 +0000] "GET /api/auth/users HTTP/1.1" 304 -
::1 - - [21/Feb/2025:10:20:05 +0000] "GET /api/lodgings HTTP/1.1" 304 -
::1 - - [21/Feb/2025:10:20:07 +0000] "DELETE /api/lodgings/67b84f00a1fa3274607cb436 HTTP/1.1" 500 47
::1 - - [21/Feb/2025:10:20:39 +0000] "DELETE /api/lodgings/67b84f00a1fa3274607cb436 HTTP/1.1" 500 47
::1 - - [21/Feb/2025:10:21:22 +0000] "DELETE /api/lodgings/67b84f00a1fa3274607cb436 HTTP/1.1" 200 31
::1 - - [21/Feb/2025:10:21:25 +0000] "GET /api/auth/users HTTP/1.1" 304 -
::1 - - [21/Feb/2025:10:21:25 +0000] "GET /api/lodgings HTTP/1.1" 200 762
::1 - - [21/Feb/2025:10:21:29 +0000] "GET /api/auth/users HTTP/1.1" 304 -
::1 - - [21/Feb/2025:10:21:29 +0000] "GET /api/lodgings HTTP/1.1" 304 -
::1 - - [21/Feb/2025:10:21:48 +0000] "GET /api/lodgings HTTP/1.1" 304 -
::1 - - [21/Feb/2025:10:21:52 +0000] "GET /api/lodgings HTTP/1.1" 304 -
::1 - - [21/Feb/2025:10:22:01 +0000] "GET /api/auth/users HTTP/1.1" 304 -
::1 - - [21/Feb/2025:10:22:01 +0000] "GET /api/lodgings HTTP/1.1" 304 -
::1 - - [21/Feb/2025:10:22:48 +0000] "DELETE /api/lodgings/67b85265a2773054b7d27ba6 HTTP/1.1" 200 31
::1 - - [21/Feb/2025:10:23:00 +0000] "GET /api/auth/users HTTP/1.1" 304 -
::1 - - [21/Feb/2025:10:23:01 +0000] "GET /api/lodgings HTTP/1.1" 200 2
::1 - - [21/Feb/2025:10:23:33 +0000] "GET /api/auth/users HTTP/1.1" 304 -
::1 - - [21/Feb/2025:10:23:33 +0000] "GET /api/lodgings HTTP/1.1" 304 -
::1 - - [21/Feb/2025:10:23:57 +0000] "POST /api/lodgings HTTP/1.1" 201 542
::1 - - [21/Feb/2025:10:24:00 +0000] "GET /api/auth/users HTTP/1.1" 304 -
::1 - - [21/Feb/2025:10:24:00 +0000] "GET /api/lodgings HTTP/1.1" 200 544
::1 - - [21/Feb/2025:10:24:10 +0000] "DELETE /api/lodgings/67b8543dfa3445bc755fbc87 HTTP/1.1" 200 31
::1 - - [21/Feb/2025:10:24:13 +0000] "GET /api/auth/users HTTP/1.1" 304 -
::1 - - [21/Feb/2025:10:24:14 +0000] "GET /api/lodgings HTTP/1.1" 200 2
::1 - - [21/Feb/2025:10:25:12 +0000] "POST /api/lodgings HTTP/1.1" 201 757
::1 - - [21/Feb/2025:10:25:16 +0000] "GET /api/auth/users HTTP/1.1" 304 -
::1 - - [21/Feb/2025:10:25:17 +0000] "GET /api/lodgings HTTP/1.1" 200 759
::1 - - [21/Feb/2025:10:25:22 +0000] "DELETE /api/lodgings/67b85488a28f478af5a420ab HTTP/1.1" 200 31
::1 - - [21/Feb/2025:10:26:35 +0000] "GET /api/auth/users HTTP/1.1" 304 -
::1 - - [21/Feb/2025:10:26:35 +0000] "GET /api/lodgings HTTP/1.1" 200 2
::1 - - [21/Feb/2025:10:26:56 +0000] "POST /api/lodgings HTTP/1.1" 201 761
::1 - - [21/Feb/2025:10:27:02 +0000] "GET /api/auth/users HTTP/1.1" 304 -
::1 - - [21/Feb/2025:10:27:02 +0000] "GET /api/lodgings HTTP/1.1" 200 763
::1 - - [21/Feb/2025:10:27:05 +0000] "DELETE /api/lodgings/67b854f07f08afb35abc04c7 HTTP/1.1" 200 31
::1 - - [21/Feb/2025:10:27:09 +0000] "GET /api/auth/users HTTP/1.1" 304 -
::1 - - [21/Feb/2025:10:27:09 +0000] "GET /api/lodgings HTTP/1.1" 200 2
::1 - - [21/Feb/2025:10:28:03 +0000] "POST /api/lodgings HTTP/1.1" 201 276
::1 - - [21/Feb/2025:10:28:59 +0000] "GET /api/auth/users HTTP/1.1" 304 -
::1 - - [21/Feb/2025:10:29:00 +0000] "GET /api/lodgings HTTP/1.1" 200 278
::1 - - [21/Feb/2025:10:29:02 +0000] "DELETE /api/lodgings/67b855332f51a9c46bee41a4 HTTP/1.1" 200 31
::1 - - [21/Feb/2025:10:29:38 +0000] "POST /api/lodgings HTTP/1.1" 201 384
::1 - - [21/Feb/2025:10:29:40 +0000] "GET /api/auth/users HTTP/1.1" 304 -
::1 - - [21/Feb/2025:10:29:40 +0000] "GET /api/lodgings HTTP/1.1" 200 386
::1 - - [21/Feb/2025:10:29:49 +0000] "DELETE /api/lodgings/67b8559265710251ae0dabc0 HTTP/1.1" 200 31
::1 - - [21/Feb/2025:10:29:51 +0000] "GET /api/auth/users HTTP/1.1" 304 -
::1 - - [21/Feb/2025:10:29:51 +0000] "GET /api/lodgings HTTP/1.1" 200 2
::1 - - [21/Feb/2025:10:30:25 +0000] "POST /api/lodgings HTTP/1.1" 201 285
::1 - - [21/Feb/2025:10:30:27 +0000] "GET /api/auth/users HTTP/1.1" 304 -
::1 - - [21/Feb/2025:10:30:27 +0000] "GET /api/lodgings HTTP/1.1" 200 287
::1 - - [21/Feb/2025:10:30:28 +0000] "DELETE /api/lodgings/67b855c11abbe978128aa5a1 HTTP/1.1" 200 31
::1 - - [21/Feb/2025:10:57:33 +0000] "GET /api/auth/users HTTP/1.1" 304 -
::1 - - [21/Feb/2025:10:57:33 +0000] "GET /api/lodgings HTTP/1.1" 200 2
::1 - - [21/Feb/2025:10:57:46 +0000] "POST /api/lodgings HTTP/1.1" 201 296
::1 - - [21/Feb/2025:10:58:05 +0000] "POST /api/lodgings HTTP/1.1" 201 733
::1 - - [21/Feb/2025:10:58:50 +0000] "DELETE /api/lodgings/67b85c2a1abbe978128aa5ad HTTP/1.1" 200 31
::1 - - [21/Feb/2025:10:58:51 +0000] "DELETE /api/lodgings/67b85c3d1abbe978128aa5af HTTP/1.1" 200 31
::1 - - [21/Feb/2025:10:58:54 +0000] "GET /api/auth/users HTTP/1.1" 304 -
::1 - - [21/Feb/2025:10:58:54 +0000] "GET /api/lodgings HTTP/1.1" 200 2
::1 - - [21/Feb/2025:10:59:32 +0000] "POST /api/lodgings HTTP/1.1" 201 253
::1 - - [21/Feb/2025:10:59:40 +0000] "DELETE /api/lodgings/67b85c9408f8cfd154a35e11 HTTP/1.1" 200 31
